Arguments: 
  C:\Program Files\nodejs\node.exe C:\Program Files (x86)\Yarn\bin\yarn.js test

PATH: 
  C:\Python27\;C:\Python27\Scripts;C:\Program Files (x86)\AMD APP\bin\x86_64;C:\Program Files (x86)\AMD APP\bin\x86;C:\Program Files (x86)\Windows Resource Kits\Tools\;C:\Windows\system32;C:\Windows;C:\Windows\System32\Wbem;C:\Windows\System32\WindowsPowerShell\v1.0\;C:\Program Files (x86)\ATI Technologies\ATI.ACE\Core-Static;C:\Program Files\WIDCOMM\Bluetooth Software\;C:\Program Files\WIDCOMM\Bluetooth Software\syswow64;C:\Program Files (x86)\QuickTime\QTSystem\;C:\Windows\System32\WindowsPowerShell\v1.0\;C:\ProgramData\chocolatey\bin;C:\Program Files\nodejs\;C:\Program Files (x86)\Yarn\bin\;C:\Program Files\Java\jdk1.8.0_211\bin;C:\Users\Henrique\AppData\Local\Programs\Python\Python38-32\Scripts\;C:\Users\Henrique\AppData\Local\Programs\Python\Python38-32\;C:\Users\Henrique\AppData\Local\Programs\Microsoft VS Code\bin;C:\Users\Henrique\AppData\Local\hyper\app-3.0.2\resources\bin;C:\Users\Henrique\AppData\Roaming\npm;C:\Users\Henrique\AppData\Local\Yarn\bin;C:\adb;C:\Android\sdk\platform-tools;C:\Android\sdk\tools;C:\Android\sdk\tools\bin;C:\Program Files\Git\cmd;C:\Program Files\Redis\;C:\Users\Henrique\AppData\Local\Programs\Python\Python38-32\Scripts\;C:\Users\Henrique\AppData\Local\Programs\Python\Python38-32\;C:\Users\Henrique\AppData\Local\Programs\Microsoft VS Code\bin;C:\Users\Henrique\AppData\Local\hyper\app-3.0.2\resources\bin;C:\Users\Henrique\AppData\Roaming\npm;C:\Users\Henrique\AppData\Local\Yarn\bin;C:\Android\sdk\platform-tools;C:\Android\sdk\tools;C:\Android\sdk\tools\bin;;C:\Program Files\Docker Toolbox

Yarn version: 
  1.22.4

Node version: 
  12.18.2

Platform: 
  win32 x64

Trace: 
  SyntaxError: C:\Users\Henrique\Desktop\Repositorios\Next-Level-Week-4\backend\package.json: Unexpected token 
   in JSON at position 346
      at JSON.parse (<anonymous>)
      at C:\Program Files (x86)\Yarn\lib\cli.js:1625:59
      at Generator.next (<anonymous>)
      at step (C:\Program Files (x86)\Yarn\lib\cli.js:310:30)
      at C:\Program Files (x86)\Yarn\lib\cli.js:321:13

npm manifest: 
  {
    "name": "backend",
    "version": "1.0.0",
    "main": "index.js",
    "license": "MIT",
    "scripts": {
      "server-dev": "ts-node-dev --transpile-only --ignore-watch node_modules src/server.ts",
      "typeorm": "ts-node-dev node_modules/typeorm/cli.js",
      "test": "set NODE_ENV=test&&jest",
      "posttest": "del /f /a .\\src\\database\\database.t
      est.sqlite"
    },
    "dependencies": {
      "express": "4.17.0",
      "reflect-metadata": "^0.1.13",
      "sqlite3": "^5.0.2",
      "typeorm": "^0.2.31",
      "uuid": "^8.3.2"
    },
    "devDependencies": {
      "@types/express": "4.17.0",
      "@types/jest": "^26.0.20",
      "@types/supertest": "^2.0.10",
      "@types/uuid": "^8.3.0",
      "jest": "^26.6.3",
      "supertest": "^6.1.3",
      "ts-jest": "^26.5.2",
      "ts-node-dev": "^1.1.6",
      "typescript": "^4.2.2"
    }
  }

yarn manifest: 
  No manifest

Lockfile: 
  No lockfile
